Using pre-set license
Built from '2022.3/release' branch; Version is '2022.3.18f1 (d29bea25151d) revision 13802474'; Using compiler version '192829333'; Build Type 'Release'
OS: 'Windows 11  (10.0.22631) 64bit Core' Language: 'es' Physical Memory: 16253 MB
BatchMode: 1, IsHumanControllingUs: 0, StartBugReporterOnCrash: 0, Is64bit: 1, IsPro: 1

COMMAND LINE ARGUMENTS:
C:\Program Files\Unity\Hub\Editor\2022.3.18f1\Editor\Unity.exe
-adb2
-batchMode
-noUpm
-name
AssetImportWorker0
-projectPath
C:/Users/rafah/Desktop/AR-Project
-logFile
Logs/AssetImportWorker0.log
-srvPort
50849
Successfully changed project path to: C:/Users/rafah/Desktop/AR-Project
C:/Users/rafah/Desktop/AR-Project
[UnityMemory] Configuration Parameters - Can be set up in boot.config
    "memorysetup-bucket-allocator-granularity=16"
    "memorysetup-bucket-allocator-bucket-count=8"
    "memorysetup-bucket-allocator-block-size=33554432"
    "memorysetup-bucket-allocator-block-count=8"
    "memorysetup-main-allocator-block-size=16777216"
    "memorysetup-thread-allocator-block-size=16777216"
    "memorysetup-gfx-main-allocator-block-size=16777216"
    "memorysetup-gfx-thread-allocator-block-size=16777216"
    "memorysetup-cache-allocator-block-size=4194304"
    "memorysetup-typetree-allocator-block-size=2097152"
    "memorysetup-profiler-bucket-allocator-granularity=16"
    "memorysetup-profiler-bucket-allocator-bucket-count=8"
    "memorysetup-profiler-bucket-allocator-block-size=33554432"
    "memorysetup-profiler-bucket-allocator-block-count=8"
    "memorysetup-profiler-allocator-block-size=16777216"
    "memorysetup-profiler-editor-allocator-block-size=1048576"
    "memorysetup-temp-allocator-size-main=16777216"
    "memorysetup-job-temp-allocator-block-size=2097152"
    "memorysetup-job-temp-allocator-block-size-background=1048576"
    "memorysetup-job-temp-allocator-reduction-small-platforms=262144"
    "memorysetup-allocator-temp-initial-block-size-main=262144"
    "memorysetup-allocator-temp-initial-block-size-worker=262144"
    "memorysetup-temp-allocator-size-background-worker=32768"
    "memorysetup-temp-allocator-size-job-worker=262144"
    "memorysetup-temp-allocator-size-preload-manager=33554432"
    "memorysetup-temp-allocator-size-nav-mesh-worker=65536"
    "memorysetup-temp-allocator-size-audio-worker=65536"
    "memorysetup-temp-allocator-size-cloud-worker=32768"
    "memorysetup-temp-allocator-size-gi-baking-worker=262144"
    "memorysetup-temp-allocator-size-gfx=262144"
Player connection [2904] Host "[IP] 192.168.1.3 [Port] 0 [Flags] 2 [Guid] 1116819923 [EditorId] 1116819923 [Version] 1048832 [Id] WindowsEditor(7,RAFA-PC) [Debug] 1 [PackageName] WindowsEditor [ProjectName] Editor" joined multi-casting on [225.0.0.222:54997]...

Player connection [2904] Host "[IP] 192.168.1.3 [Port] 0 [Flags] 2 [Guid] 1116819923 [EditorId] 1116819923 [Version] 1048832 [Id] WindowsEditor(7,RAFA-PC) [Debug] 1 [PackageName] WindowsEditor [ProjectName] Editor" joined alternative multi-casting on [225.0.0.222:34997]...

[Physics::Module] Initialized MultithreadedJobDispatcher with 11 workers.
Refreshing native plugins compatible for Editor in 12.49 ms, found 5 plugins.
Preloading 0 native plugins for Editor in 0.00 ms.
Initialize engine version: 2022.3.18f1 (d29bea25151d)
[Subsystems] Discovering subsystems at path C:/Program Files/Unity/Hub/Editor/2022.3.18f1/Editor/Data/Resources/UnitySubsystems
[Subsystems] Discovering subsystems at path C:/Users/rafah/Desktop/AR-Project/Assets
GfxDevice: creating device client; threaded=0; jobified=0
Direct3D:
    Version:  Direct3D 11.0 [level 11.1]
    Renderer: NVIDIA GeForce RTX 3060 (ID=0x2504)
    Vendor:   NVIDIA
    VRAM:     12115 MB
    Driver:   31.0.15.5212
Initialize mono
Mono path[0] = 'C:/Program Files/Unity/Hub/Editor/2022.3.18f1/Editor/Data/Managed'
Mono path[1] = 'C:/Program Files/Unity/Hub/Editor/2022.3.18f1/Editor/Data/MonoBleedingEdge/lib/mono/unityjit-win32'
Mono config path = 'C:/Program Files/Unity/Hub/Editor/2022.3.18f1/Editor/Data/MonoBleedingEdge/etc'
Using monoOptions --debugger-agent=transport=dt_socket,embedding=1,server=y,suspend=n,address=127.0.0.1:56532
Begin MonoManager ReloadAssembly
Registering precompiled unity dll's ...
Register platform support module: C:/Program Files/Unity/Hub/Editor/2022.3.18f1/Editor/Data/PlaybackEngines/WebGLSupport/UnityEditor.WebGL.Extensions.dll
Register platform support module: C:/Program Files/Unity/Hub/Editor/2022.3.18f1/Editor/Data/PlaybackEngines/AndroidPlayer/UnityEditor.Android.Extensions.dll
Register platform support module: C:/Program Files/Unity/Hub/Editor/2022.3.18f1/Editor/Data/PlaybackEngines/WindowsStandaloneSupport/UnityEditor.WindowsStandalone.Extensions.dll
Registered in 0.009624 seconds.
- Loaded All Assemblies, in  0.404 seconds
Native extension for WindowsStandalone target not found
Native extension for Android target not found
Android Extension - Scanning For ADB Devices 256 ms
Native extension for WebGL target not found
Mono: successfully reloaded assembly
- Finished resetting the current domain, in  0.613 seconds
Domain Reload Profiling: 1016ms
	BeginReloadAssembly (147ms)
		ExecutionOrderSort (0ms)
		DisableScriptedObjects (0ms)
		BackupInstance (0ms)
		ReleaseScriptingObjects (0ms)
		CreateAndSetChildDomain (1ms)
	RebuildCommonClasses (38ms)
	RebuildNativeTypeToScriptingClass (11ms)
	initialDomainReloadingComplete (65ms)
	LoadAllAssembliesAndSetupDomain (141ms)
		LoadAssemblies (145ms)
		RebuildTransferFunctionScriptingTraits (0ms)
		AnalyzeDomain (139ms)
			TypeCache.Refresh (137ms)
				TypeCache.ScanAssembly (124ms)
			ScanForSourceGeneratedMonoScriptInfo (1ms)
			ResolveRequiredComponents (1ms)
	FinalizeReload (614ms)
		ReleaseScriptCaches (0ms)
		RebuildScriptCaches (0ms)
		SetupLoadedEditorAssemblies (559ms)
			LogAssemblyErrors (0ms)
			InitializePlatformSupportModulesInManaged (378ms)
			SetLoadedEditorAssemblies (4ms)
			RefreshPlugins (0ms)
			BeforeProcessingInitializeOnLoad (2ms)
			ProcessInitializeOnLoadAttributes (131ms)
			ProcessInitializeOnLoadMethodAttributes (43ms)
			AfterProcessingInitializeOnLoad (0ms)
			EditorAssembliesLoaded (0ms)
		ExecutionOrderSort2 (0ms)
		AwakeInstancesAfterBackupRestoration (0ms)
========================================================================
Worker process is ready to serve import requests
Begin MonoManager ReloadAssembly
- Loaded All Assemblies, in  0.893 seconds
Refreshing native plugins compatible for Editor in 10.22 ms, found 5 plugins.
Native extension for WindowsStandalone target not found
Native extension for Android target not found
Native extension for WebGL target not found
Package Manager log level set to [2]
[Package Manager] Server::EnsureServerProcessIsRunning -- launch failed, reason: Unity was launched with the -noUpm command-line argument
[Package Manager] UpmClient::Send -- Unable to send message (not connected to UPM process).
[Package Manager] Cannot connect to Unity Package Manager local server
[Package Manager] Server::EnsureServerProcessIsRunning -- launch failed, reason: Unity was launched with the -noUpm command-line argument
[Package Manager] UpmClient::Send -- Unable to send message (not connected to UPM process).
[Package Manager] Cannot connect to Unity Package Manager local server
Mono: successfully reloaded assembly
[Package Manager] Server::EnsureServerProcessIsRunning -- launch failed, reason: Unity was launched with the -noUpm command-line argument
[Package Manager] UpmClient::Send -- Unable to send message (not connected to UPM process).
[Package Manager] Cannot connect to Unity Package Manager local server
[Package Manager] Server::EnsureServerProcessIsRunning -- launch failed, reason: Unity was launched with the -noUpm command-line argument
[Package Manager] UpmClient::Send -- Unable to send message (not connected to UPM process).
[Package Manager] Cannot connect to Unity Package Manager local server
- Finished resetting the current domain, in  0.812 seconds
Domain Reload Profiling: 1702ms
	BeginReloadAssembly (163ms)
		ExecutionOrderSort (0ms)
		DisableScriptedObjects (5ms)
		BackupInstance (0ms)
		ReleaseScriptingObjects (0ms)
		CreateAndSetChildDomain (24ms)
	RebuildCommonClasses (30ms)
	RebuildNativeTypeToScriptingClass (10ms)
	initialDomainReloadingComplete (46ms)
	LoadAllAssembliesAndSetupDomain (639ms)
		LoadAssemblies (462ms)
		RebuildTransferFunctionScriptingTraits (0ms)
		AnalyzeDomain (274ms)
			TypeCache.Refresh (232ms)
				TypeCache.ScanAssembly (201ms)
			ScanForSourceGeneratedMonoScriptInfo (29ms)
			ResolveRequiredComponents (10ms)
	FinalizeReload (813ms)
		ReleaseScriptCaches (0ms)
		RebuildScriptCaches (0ms)
		SetupLoadedEditorAssemblies (618ms)
			LogAssemblyErrors (0ms)
			InitializePlatformSupportModulesInManaged (24ms)
			SetLoadedEditorAssemblies (7ms)
			RefreshPlugins (0ms)
			BeforeProcessingInitializeOnLoad (86ms)
			ProcessInitializeOnLoadAttributes (441ms)
			ProcessInitializeOnLoadMethodAttributes (53ms)
			AfterProcessingInitializeOnLoad (7ms)
			EditorAssembliesLoaded (0ms)
		ExecutionOrderSort2 (0ms)
		AwakeInstancesAfterBackupRestoration (7ms)
Launched and connected shader compiler UnityShaderCompiler.exe after 0.04 seconds
Refreshing native plugins compatible for Editor in 10.01 ms, found 5 plugins.
Preloading 0 native plugins for Editor in 0.00 ms.
Unloading 5260 Unused Serialized files (Serialized files now loaded: 0)
Unloading 86 unused Assets / (1.3 MB). Loaded Objects now: 5718.
Memory consumption went from 182.8 MB to 181.5 MB.
Total: 5.550700 ms (FindLiveObjects: 0.558600 ms CreateObjectMapping: 0.405800 ms MarkObjects: 3.958900 ms  DeleteObjects: 0.626100 ms)

AssetImportParameters requested are different than current active one (requested -> active):
  custom:container-demuxer-ogg: 62fdf1f143b41e24485cea50d1cbac27 -> 
  custom:video-codec-MediaFoundation-h265: 746d11721c4dcdbdad8f713fa42b33f4 -> 
  custom:video-decoder-ogg-theora: a1e56fd34408186e4bbccfd4996cb3dc -> 
  custom:framework-win-MediaFoundation: 216162199b28c13a410421893ffa2e32 -> 
  custom:CustomObjectIndexerAttribute: 6d391050e5a25f67b0a2c618074f2cd9 -> 
  custom:container-demuxer-webm: 4f35f7cbe854078d1ac9338744f61a02 -> 
  custom:container-muxer-webm: aa71ff27fc2769a1b78a27578f13a17b -> 
  custom:video-decoder-webm-vp8: 9c59270c3fd7afecdb556c50c9e8de78 -> 
  custom:SearchIndexIgnoredProperties: e643bd26f0fe6173181afceb89e7c659 -> 
  custom:AudioImporter_EditorPlatform: d09bf68614088b80899f8185d706f6e7 -> 
  custom:video-encoder-webm-vp8: eb34c28f22e8b96e1ab97ce403110664 -> 
  custom:audio-decoder-ogg-vorbis: bf7c407c2cedff20999df2af8eb42d56 -> 
  custom:audio-encoder-webm-vorbis: bf7c407c2cedff20999df2af8eb42d56 -> 
========================================================================
Received Import Request.
  Time since last request: 2674.458499 seconds.
  path: Assets/Scenes
  artifactKey: Guid(7df255772cfe6854badc1b972076a948) Importer(815301076,1909f56bfc062723c751e8b465ee728b)
Start importing Assets/Scenes using Guid(7df255772cfe6854badc1b972076a948) Importer(815301076,1909f56bfc062723c751e8b465ee728b)  -> (artifact id: '8ea4a8739b07088ca06db2ea2ebc1e13') in 0.003268 seconds
Number of updated asset objects reloaded before import = 0
Number of asset objects unloaded after import = 0
========================================================================
Received Import Request.
  Time since last request: 3.992511 seconds.
  path: Assets/Scenes/ProjectScene.unity
  artifactKey: Guid(9fc0d4010bbf28b4594072e72b8655ab) Importer(815301076,1909f56bfc062723c751e8b465ee728b)
Start importing Assets/Scenes/ProjectScene.unity using Guid(9fc0d4010bbf28b4594072e72b8655ab) Importer(815301076,1909f56bfc062723c751e8b465ee728b)  -> (artifact id: 'ebbbfba2cff1aee9a6d68f7dfe27c7ea') in 0.000478 seconds
Number of updated asset objects reloaded before import = 0
Number of asset objects unloaded after import = 0
========================================================================
Received Import Request.
  Time since last request: 10.959646 seconds.
  path: Assets/Scenes/Home.unity
  artifactKey: Guid(9fc0d4010bbf28b4594072e72b8655ab) Importer(815301076,1909f56bfc062723c751e8b465ee728b)
Start importing Assets/Scenes/Home.unity using Guid(9fc0d4010bbf28b4594072e72b8655ab) Importer(815301076,1909f56bfc062723c751e8b465ee728b)  -> (artifact id: '661db634884f9848d10c3da6f06221b6') in 0.000580 seconds
Number of updated asset objects reloaded before import = 0
Number of asset objects unloaded after import = 0
========================================================================
Received Import Request.
  Time since last request: 23.091436 seconds.
  path: Assets/Scenes/Home 1.unity
  artifactKey: Guid(d36f1ff254e4b084f9de7aabd6eca5ff) Importer(815301076,1909f56bfc062723c751e8b465ee728b)
Start importing Assets/Scenes/Home 1.unity using Guid(d36f1ff254e4b084f9de7aabd6eca5ff) Importer(815301076,1909f56bfc062723c751e8b465ee728b)  -> (artifact id: '1c47b71c43335d839e1cab6c555ea687') in 0.000475 seconds
Number of updated asset objects reloaded before import = 0
Number of asset objects unloaded after import = 0
========================================================================
Received Import Request.
  Time since last request: 6.008515 seconds.
  path: Assets/Scenes/Game.unity
  artifactKey: Guid(d36f1ff254e4b084f9de7aabd6eca5ff) Importer(815301076,1909f56bfc062723c751e8b465ee728b)
Start importing Assets/Scenes/Game.unity using Guid(d36f1ff254e4b084f9de7aabd6eca5ff) Importer(815301076,1909f56bfc062723c751e8b465ee728b)  -> (artifact id: 'ce05e56877bd9a5d9b8b931b1254ad8f') in 0.000490 seconds
Number of updated asset objects reloaded before import = 0
Number of asset objects unloaded after import = 0
========================================================================
Received Import Request.
  Time since last request: 14.541685 seconds.
  path: Assets/Scenes/Game.unity
  artifactKey: Guid(9fc0d4010bbf28b4594072e72b8655ab) Importer(815301076,1909f56bfc062723c751e8b465ee728b)
Start importing Assets/Scenes/Game.unity using Guid(9fc0d4010bbf28b4594072e72b8655ab) Importer(815301076,1909f56bfc062723c751e8b465ee728b)  -> (artifact id: 'e24076fda2269d74d97074a7b9bb45f4') in 0.000486 seconds
Number of updated asset objects reloaded before import = 0
Number of asset objects unloaded after import = 0
========================================================================
Received Import Request.
  Time since last request: 11.354444 seconds.
  path: Assets/Scenes/Home.unity
  artifactKey: Guid(60618b73c7423a1429b1f103ba76e59f) Importer(815301076,1909f56bfc062723c751e8b465ee728b)
Start importing Assets/Scenes/Home.unity using Guid(60618b73c7423a1429b1f103ba76e59f) Importer(815301076,1909f56bfc062723c751e8b465ee728b)  -> (artifact id: '1d8dc16f1eab66bc8e70d3f724fe9d42') in 0.000588 seconds
Number of updated asset objects reloaded before import = 0
Number of asset objects unloaded after import = 0
========================================================================
Received Import Request.
  Time since last request: 161.733513 seconds.
  path: Assets/Assets
  artifactKey: Guid(1827cb6c7fbb3c54c8de50de47d8c697) Importer(815301076,1909f56bfc062723c751e8b465ee728b)
Start importing Assets/Assets using Guid(1827cb6c7fbb3c54c8de50de47d8c697) Importer(815301076,1909f56bfc062723c751e8b465ee728b)  -> (artifact id: '3bea1a83d2692829c4edea1148475229') in 0.000469 seconds
Number of updated asset objects reloaded before import = 0
Number of asset objects unloaded after import = 0
========================================================================
Received Import Request.
  Time since last request: 0.491833 seconds.
  path: Assets/Import
  artifactKey: Guid(3278445a88617a14c8c4590319ea8a26) Importer(815301076,1909f56bfc062723c751e8b465ee728b)
Start importing Assets/Import using Guid(3278445a88617a14c8c4590319ea8a26) Importer(815301076,1909f56bfc062723c751e8b465ee728b)  -> (artifact id: 'cc0c86d4d5e85bfa2bda446c21dcd984') in 0.000417 seconds
Number of updated asset objects reloaded before import = 0
Number of asset objects unloaded after import = 0
========================================================================
Received Import Request.
  Time since last request: 0.736208 seconds.
  path: Assets/TextMesh Pro
  artifactKey: Guid(3eb24c03441dbaa408a871c704621711) Importer(815301076,1909f56bfc062723c751e8b465ee728b)
Start importing Assets/TextMesh Pro using Guid(3eb24c03441dbaa408a871c704621711) Importer(815301076,1909f56bfc062723c751e8b465ee728b)  -> (artifact id: '132b6b114a29bc7a7ff525448fc94c66') in 0.000579 seconds
Number of updated asset objects reloaded before import = 0
Number of asset objects unloaded after import = 0
========================================================================
Received Import Request.
  Time since last request: 0.352300 seconds.
  path: Assets/XR
  artifactKey: Guid(ca05477219b101443a717af3b05af547) Importer(815301076,1909f56bfc062723c751e8b465ee728b)
Start importing Assets/XR using Guid(ca05477219b101443a717af3b05af547) Importer(815301076,1909f56bfc062723c751e8b465ee728b)  -> (artifact id: '0b2b22141afdae5da821b22ef018051d') in 0.000438 seconds
Number of updated asset objects reloaded before import = 0
Number of asset objects unloaded after import = 0
========================================================================
Received Import Request.
  Time since last request: 25.219629 seconds.
  path: Assets/Assets/Assets
  artifactKey: Guid(527a502a4ad344e43be4742cb96c1f93) Importer(815301076,1909f56bfc062723c751e8b465ee728b)
Start importing Assets/Assets/Assets using Guid(527a502a4ad344e43be4742cb96c1f93) Importer(815301076,1909f56bfc062723c751e8b465ee728b)  -> (artifact id: '6eb239fd1c1344fc85f596ea8975fbe5') in 0.000515 seconds
Number of updated asset objects reloaded before import = 0
Number of asset objects unloaded after import = 0
========================================================================
Received Import Request.
  Time since last request: 0.069451 seconds.
  path: Assets/Assets/Assets/Logo.png
  artifactKey: Guid(568b2cc60ed4eae4d9949449cbfde829) Importer(815301076,1909f56bfc062723c751e8b465ee728b)
Start importing Assets/Assets/Assets/Logo.png using Guid(568b2cc60ed4eae4d9949449cbfde829) Importer(815301076,1909f56bfc062723c751e8b465ee728b)  -> (artifact id: '1b0d00b3138080093eec4aa521ad399b') in 0.087253 seconds
Number of updated asset objects reloaded before import = 0
Number of asset objects unloaded after import = 2
========================================================================
Received Import Request.
  Time since last request: 0.000041 seconds.
  path: Assets/Assets/Assets/TASTY DONUTS SDF.asset
  artifactKey: Guid(4945d3e0c2f505d488e6c69a935c2bca) Importer(815301076,1909f56bfc062723c751e8b465ee728b)
Start importing Assets/Assets/Assets/TASTY DONUTS SDF.asset using Guid(4945d3e0c2f505d488e6c69a935c2bca) Importer(815301076,1909f56bfc062723c751e8b465ee728b) Shader 'TextMeshPro/Distance Field': fallback shader 'TextMeshPro/Mobile/Distance Field' not found
 -> (artifact id: 'f61e7fd2322813d7c2593216a14c6e88') in 0.112461 seconds
Number of updated asset objects reloaded before import = 0
Number of asset objects unloaded after import = 7
========================================================================
Received Import Request.
  Time since last request: 2.613018 seconds.
  path: Assets/Assets/Assets/Saturn
  artifactKey: Guid(b32ebc2161b870e48bb736c5638d56e8) Importer(815301076,1909f56bfc062723c751e8b465ee728b)
Start importing Assets/Assets/Assets/Saturn using Guid(b32ebc2161b870e48bb736c5638d56e8) Importer(815301076,1909f56bfc062723c751e8b465ee728b)  -> (artifact id: 'adaf2b780316c22a0b1700d93c5d31d1') in 0.000617 seconds
Number of updated asset objects reloaded before import = 0
Number of asset objects unloaded after import = 0
========================================================================
Received Import Request.
  Time since last request: 0.073286 seconds.
  path: Assets/Assets/Assets/Saturn/Saturn.prefab
  artifactKey: Guid(2ffb4eb6f4d011845ac73009fb912c18) Importer(815301076,1909f56bfc062723c751e8b465ee728b)
Start importing Assets/Assets/Assets/Saturn/Saturn.prefab using Guid(2ffb4eb6f4d011845ac73009fb912c18) Importer(815301076,1909f56bfc062723c751e8b465ee728b)  -> (artifact id: '47a355e3953505f72eb18eca6b34398b') in 0.371241 seconds
Number of updated asset objects reloaded before import = 0
Number of asset objects unloaded after import = 77
========================================================================
Received Import Request.
  Time since last request: 223.376971 seconds.
  path: Assets/Assets/Assets/Textures
  artifactKey: Guid(b05be5bdabdda964f9399646809e597b) Importer(815301076,1909f56bfc062723c751e8b465ee728b)
Start importing Assets/Assets/Assets/Textures using Guid(b05be5bdabdda964f9399646809e597b) Importer(815301076,1909f56bfc062723c751e8b465ee728b)  -> (artifact id: '35dbdbaf6e00935c9ad2836bb7329dea') in 0.000796 seconds
Number of updated asset objects reloaded before import = 0
Number of asset objects unloaded after import = 0
========================================================================
Received Import Request.
  Time since last request: 1.197607 seconds.
  path: Assets/Assets/Assets/Textures/UI Textures
  artifactKey: Guid(4ebce39b890d935469c63e7cc922a862) Importer(815301076,1909f56bfc062723c751e8b465ee728b)
Start importing Assets/Assets/Assets/Textures/UI Textures using Guid(4ebce39b890d935469c63e7cc922a862) Importer(815301076,1909f56bfc062723c751e8b465ee728b)  -> (artifact id: 'b9ff4075ebab110b5c75d5a706886571') in 0.000537 seconds
Number of updated asset objects reloaded before import = 0
Number of asset objects unloaded after import = 0
========================================================================
Received Import Request.
  Time since last request: 0.054117 seconds.
  path: Assets/Assets/Assets/Textures/UI Textures/BackBtn.png
  artifactKey: Guid(0a0ea915eee07644fa6481c87ca56c9c) Importer(815301076,1909f56bfc062723c751e8b465ee728b)
Start importing Assets/Assets/Assets/Textures/UI Textures/BackBtn.png using Guid(0a0ea915eee07644fa6481c87ca56c9c) Importer(815301076,1909f56bfc062723c751e8b465ee728b)  -> (artifact id: '689046a7dc2ed5fde4676e8d72a5c064') in 0.052375 seconds
Number of updated asset objects reloaded before import = 0
Number of asset objects unloaded after import = 3
========================================================================
Received Import Request.
  Time since last request: 0.000034 seconds.
  path: Assets/Assets/Assets/Textures/UI Textures/UranusBtn.png
  artifactKey: Guid(ddfbbe3a32ff45e46a74f96d6eaf9ef1) Importer(815301076,1909f56bfc062723c751e8b465ee728b)
Start importing Assets/Assets/Assets/Textures/UI Textures/UranusBtn.png using Guid(ddfbbe3a32ff45e46a74f96d6eaf9ef1) Importer(815301076,1909f56bfc062723c751e8b465ee728b)  -> (artifact id: 'ab9e303e32d94400e4ce02555f3df9de') in 0.034849 seconds
Number of updated asset objects reloaded before import = 0
Number of asset objects unloaded after import = 3
========================================================================
Received Import Request.
  Time since last request: 0.000052 seconds.
  path: Assets/Assets/Assets/Textures/UI Textures/EarthButton.png
  artifactKey: Guid(78f69e97c71d9f34b97972c5d086d017) Importer(815301076,1909f56bfc062723c751e8b465ee728b)
Start importing Assets/Assets/Assets/Textures/UI Textures/EarthButton.png using Guid(78f69e97c71d9f34b97972c5d086d017) Importer(815301076,1909f56bfc062723c751e8b465ee728b)  -> (artifact id: '01753aecc016173d8e8426a98c3ae211') in 0.031526 seconds
Number of updated asset objects reloaded before import = 0
Number of asset objects unloaded after import = 3
========================================================================
Received Import Request.
  Time since last request: 0.000056 seconds.
  path: Assets/Assets/Assets/Textures/UI Textures/NeptuneButton.png
  artifactKey: Guid(6ec85aa23a2aee648b4d3eb55f8bf2c4) Importer(815301076,1909f56bfc062723c751e8b465ee728b)
Start importing Assets/Assets/Assets/Textures/UI Textures/NeptuneButton.png using Guid(6ec85aa23a2aee648b4d3eb55f8bf2c4) Importer(815301076,1909f56bfc062723c751e8b465ee728b)  -> (artifact id: 'd6d15fcf602ce7ca71e5374468cb5a39') in 0.028883 seconds
Number of updated asset objects reloaded before import = 0
Number of asset objects unloaded after import = 3
========================================================================
Received Import Request.
  Time since last request: 0.000051 seconds.
  path: Assets/Assets/Assets/Textures/UI Textures/PlanetsHeading.png
  artifactKey: Guid(9f08d47f3946de6408e920a7e44f610c) Importer(815301076,1909f56bfc062723c751e8b465ee728b)
Start importing Assets/Assets/Assets/Textures/UI Textures/PlanetsHeading.png using Guid(9f08d47f3946de6408e920a7e44f610c) Importer(815301076,1909f56bfc062723c751e8b465ee728b)  -> (artifact id: '7b1f0c401614fe57d6136e5ad2431076') in 0.043663 seconds
Number of updated asset objects reloaded before import = 0
Number of asset objects unloaded after import = 3
========================================================================
Received Import Request.
  Time since last request: 0.000033 seconds.
  path: Assets/Assets/Assets/Textures/UI Textures/MarsButton.png
  artifactKey: Guid(a3a0393a8f375c2458226d21b353591a) Importer(815301076,1909f56bfc062723c751e8b465ee728b)
Start importing Assets/Assets/Assets/Textures/UI Textures/MarsButton.png using Guid(a3a0393a8f375c2458226d21b353591a) Importer(815301076,1909f56bfc062723c751e8b465ee728b)  -> (artifact id: '005575382b3a50a0c1805ddb1d0618ad') in 0.035441 seconds
Number of updated asset objects reloaded before import = 0
Number of asset objects unloaded after import = 3
========================================================================
Received Import Request.
  Time since last request: 0.000018 seconds.
  path: Assets/Assets/Assets/Textures/UI Textures/JupiterButton.png
  artifactKey: Guid(20eb692e3e879a54f971393b3570e3fb) Importer(815301076,1909f56bfc062723c751e8b465ee728b)
Start importing Assets/Assets/Assets/Textures/UI Textures/JupiterButton.png using Guid(20eb692e3e879a54f971393b3570e3fb) Importer(815301076,1909f56bfc062723c751e8b465ee728b)  -> (artifact id: '81e349ad74bf9e7424b76ca4afb395a5') in 0.033794 seconds
Number of updated asset objects reloaded before import = 0
Number of asset objects unloaded after import = 3
Editor requested this worker to shutdown with reason: Scaling down because of idle timeout
TcpMessagingSession - receive error: operation aborted. errorcode: 995, details: La operación de E/S se anuló por una salida de subproceso o por una solicitud de aplicación.
AssetImportWorker is now disconnected from the server
Process exiting
Exiting without the bug reporter. Application will terminate with return code 0